 Set environment variables
 Unpack LHAPDF
LHAPDF-6.3.0/
LHAPDF-6.3.0/plotpdfs
LHAPDF-6.3.0/testpdfs
LHAPDF-6.3.0/lhapdf.pc
LHAPDF-6.3.0/lhapdf.pc.in
LHAPDF-6.3.0/AUTHORS
LHAPDF-6.3.0/pdfsets.index
LHAPDF-6.3.0/wrappers/
LHAPDF-6.3.0/wrappers/python/
LHAPDF-6.3.0/wrappers/python/lhapdf.pyx
LHAPDF-6.3.0/wrappers/python/clhapdf.pxd
LHAPDF-6.3.0/wrappers/python/Makefile.am
LHAPDF-6.3.0/wrappers/python/setup.py.in
LHAPDF-6.3.0/wrappers/python/Makefile.in
LHAPDF-6.3.0/wrappers/python/lhapdf.cpp
LHAPDF-6.3.0/wrappers/Makefile.am
LHAPDF-6.3.0/wrappers/Makefile.in
LHAPDF-6.3.0/bin/
LHAPDF-6.3.0/bin/lhapdf-config.in
LHAPDF-6.3.0/bin/Makefile.am
LHAPDF-6.3.0/bin/Makefile.in
LHAPDF-6.3.0/bin/lhapdf
LHAPDF-6.3.0/INSTALL
LHAPDF-6.3.0/examples/
LHAPDF-6.3.0/examples/reweight.cc
LHAPDF-6.3.0/examples/testpdf.cc
LHAPDF-6.3.0/examples/pythonexample.py
LHAPDF-6.3.0/examples/Makefile.am
LHAPDF-6.3.0/examples/Makefile.in
LHAPDF-6.3.0/examples/testpdfunc.cc
LHAPDF-6.3.0/examples/fexample1.f90
LHAPDF-6.3.0/examples/compatibility.cc
LHAPDF-6.3.0/examples/analyticpdf.cc
LHAPDF-6.3.0/examples/testpdfcache.cc
LHAPDF-6.3.0/examples/testpdfunc.py
LHAPDF-6.3.0/examples/hessian2replicas.cc
LHAPDF-6.3.0/examples/testpdfset.cc
LHAPDF-6.3.0/aclocal.m4
LHAPDF-6.3.0/config/
LHAPDF-6.3.0/config/compile
LHAPDF-6.3.0/config/config.sub
LHAPDF-6.3.0/config/config.h.in
LHAPDF-6.3.0/config/depcomp
LHAPDF-6.3.0/config/ltmain.sh
LHAPDF-6.3.0/config/config.guess
LHAPDF-6.3.0/config/test-driver
LHAPDF-6.3.0/config/install-sh
LHAPDF-6.3.0/config/missing
LHAPDF-6.3.0/doc/
LHAPDF-6.3.0/doc/Doxyfile.in
LHAPDF-6.3.0/doc/pdfsets.dox
LHAPDF-6.3.0/doc/Makefile.am
LHAPDF-6.3.0/doc/Makefile.in
LHAPDF-6.3.0/doc/mkpdflist
LHAPDF-6.3.0/testlhapdf
LHAPDF-6.3.0/Makefile.am
LHAPDF-6.3.0/Makefile.in
LHAPDF-6.3.0/ChangeLog
LHAPDF-6.3.0/m4/
LHAPDF-6.3.0/m4/ltsugar.m4
LHAPDF-6.3.0/m4/lt~obsolete.m4
LHAPDF-6.3.0/m4/ax_prog_cxx_mpi.m4
LHAPDF-6.3.0/m4/ltversion.m4
LHAPDF-6.3.0/m4/ltoptions.m4
LHAPDF-6.3.0/m4/compilerflags.m4
LHAPDF-6.3.0/m4/libtool.m4
LHAPDF-6.3.0/m4/ax_cxx_compile_stdcxx.m4
LHAPDF-6.3.0/m4/cython.m4
LHAPDF-6.3.0/src/
LHAPDF-6.3.0/src/ErrExtrapolator.cc
LHAPDF-6.3.0/src/PDF.cc
LHAPDF-6.3.0/src/KnotArray.cc
LHAPDF-6.3.0/src/yamlcpp/
LHAPDF-6.3.0/src/yamlcpp/convert.cpp
LHAPDF-6.3.0/src/yamlcpp/exp.h
LHAPDF-6.3.0/src/yamlcpp/exp.cpp
LHAPDF-6.3.0/src/yamlcpp/directives.cpp
LHAPDF-6.3.0/src/yamlcpp/yaml-cpp/
LHAPDF-6.3.0/src/yamlcpp/yaml-cpp/emitterdef.h
LHAPDF-6.3.0/src/yamlcpp/yaml-cpp/stlemitter.h
LHAPDF-6.3.0/src/yamlcpp/yaml-cpp/exceptions.h
LHAPDF-6.3.0/src/yamlcpp/yaml-cpp/emitfromevents.h
LHAPDF-6.3.0/src/yamlcpp/yaml-cpp/contrib/
LHAPDF-6.3.0/src/yamlcpp/yaml-cpp/contrib/anchordict.h
LHAPDF-6.3.0/src/yamlcpp/yaml-cpp/contrib/graphbuilder.h
LHAPDF-6.3.0/src/yamlcpp/yaml-cpp/eventhandler.h
LHAPDF-6.3.0/src/yamlcpp/yaml-cpp/yaml.h
LHAPDF-6.3.0/src/yamlcpp/yaml-cpp/emitter.h
LHAPDF-6.3.0/src/yamlcpp/yaml-cpp/dll.h
LHAPDF-6.3.0/src/yamlcpp/yaml-cpp/null.h
LHAPDF-6.3.0/src/yamlcpp/yaml-cpp/ostream_wrapper.h
LHAPDF-6.3.0/src/yamlcpp/yaml-cpp/traits.h
LHAPDF-6.3.0/src/yamlcpp/yaml-cpp/parser.h
LHAPDF-6.3.0/src/yamlcpp/yaml-cpp/mark.h
LHAPDF-6.3.0/src/yamlcpp/yaml-cpp/anchor.h
LHAPDF-6.3.0/src/yamlcpp/yaml-cpp/emitterstyle.h
LHAPDF-6.3.0/src/yamlcpp/yaml-cpp/binary.h
LHAPDF-6.3.0/src/yamlcpp/yaml-cpp/noncopyable.h
LHAPDF-6.3.0/src/yamlcpp/yaml-cpp/emittermanip.h
LHAPDF-6.3.0/src/yamlcpp/yaml-cpp/node/
LHAPDF-6.3.0/src/yamlcpp/yaml-cpp/node/type.h
LHAPDF-6.3.0/src/yamlcpp/yaml-cpp/node/node.h
LHAPDF-6.3.0/src/yamlcpp/yaml-cpp/node/emit.h
LHAPDF-6.3.0/src/yamlcpp/yaml-cpp/node/iterator.h
LHAPDF-6.3.0/src/yamlcpp/yaml-cpp/node/impl.h
LHAPDF-6.3.0/src/yamlcpp/yaml-cpp/node/parse.h
LHAPDF-6.3.0/src/yamlcpp/yaml-cpp/node/detail/
LHAPDF-6.3.0/src/yamlcpp/yaml-cpp/node/detail/node.h
LHAPDF-6.3.0/src/yamlcpp/yaml-cpp/node/detail/memory.h
LHAPDF-6.3.0/src/yamlcpp/yaml-cpp/node/detail/node_data.h
LHAPDF-6.3.0/src/yamlcpp/yaml-cpp/node/detail/iterator.h
LHAPDF-6.3.0/src/yamlcpp/yaml-cpp/node/detail/impl.h
LHAPDF-6.3.0/src/yamlcpp/yaml-cpp/node/detail/node_iterator.h
LHAPDF-6.3.0/src/yamlcpp/yaml-cpp/node/detail/node_ref.h
LHAPDF-6.3.0/src/yamlcpp/yaml-cpp/node/detail/bool_type.h
LHAPDF-6.3.0/src/yamlcpp/yaml-cpp/node/detail/iterator_fwd.h
LHAPDF-6.3.0/src/yamlcpp/yaml-cpp/node/convert.h
LHAPDF-6.3.0/src/yamlcpp/yaml-cpp/node/ptr.h
LHAPDF-6.3.0/src/yamlcpp/emitterutils.cpp
LHAPDF-6.3.0/src/yamlcpp/null.cpp
LHAPDF-6.3.0/src/yamlcpp/scantoken.cpp
LHAPDF-6.3.0/src/yamlcpp/memory.cpp
LHAPDF-6.3.0/src/yamlcpp/nodebuilder.h
LHAPDF-6.3.0/src/yamlcpp/indentation.h
LHAPDF-6.3.0/src/yamlcpp/regex_yaml.cpp
LHAPDF-6.3.0/src/yamlcpp/emit.cpp
LHAPDF-6.3.0/src/yamlcpp/node.cpp
LHAPDF-6.3.0/src/yamlcpp/parser.cpp
LHAPDF-6.3.0/src/yamlcpp/emitter.cpp
LHAPDF-6.3.0/src/yamlcpp/Makefile.am
LHAPDF-6.3.0/src/yamlcpp/emitterstate.h
LHAPDF-6.3.0/src/yamlcpp/streamcharsource.h
LHAPDF-6.3.0/src/yamlcpp/Makefile.in
LHAPDF-6.3.0/src/yamlcpp/scanner.h
LHAPDF-6.3.0/src/yamlcpp/ostream_wrapper.cpp
LHAPDF-6.3.0/src/yamlcpp/ptr_vector.h
LHAPDF-6.3.0/src/yamlcpp/parse.cpp
LHAPDF-6.3.0/src/yamlcpp/stream.h
LHAPDF-6.3.0/src/yamlcpp/tag.h
LHAPDF-6.3.0/src/yamlcpp/nodeevents.cpp
LHAPDF-6.3.0/src/yamlcpp/scanscalar.h
LHAPDF-6.3.0/src/yamlcpp/scanner.cpp
LHAPDF-6.3.0/src/yamlcpp/emitterutils.h
LHAPDF-6.3.0/src/yamlcpp/scanscalar.cpp
LHAPDF-6.3.0/src/yamlcpp/tag.cpp
LHAPDF-6.3.0/src/yamlcpp/binary.cpp
LHAPDF-6.3.0/src/yamlcpp/singledocparser.cpp
LHAPDF-6.3.0/src/yamlcpp/nodeevents.h
LHAPDF-6.3.0/src/yamlcpp/collectionstack.h
LHAPDF-6.3.0/src/yamlcpp/stringsource.h
LHAPDF-6.3.0/src/yamlcpp/regeximpl.h
LHAPDF-6.3.0/src/yamlcpp/token.h
LHAPDF-6.3.0/src/yamlcpp/regex_yaml.h
LHAPDF-6.3.0/src/yamlcpp/simplekey.cpp
LHAPDF-6.3.0/src/yamlcpp/setting.h
LHAPDF-6.3.0/src/yamlcpp/emitterstate.cpp
LHAPDF-6.3.0/src/yamlcpp/scantag.cpp
LHAPDF-6.3.0/src/yamlcpp/stream.cpp
LHAPDF-6.3.0/src/yamlcpp/singledocparser.h
LHAPDF-6.3.0/src/yamlcpp/node_data.cpp
LHAPDF-6.3.0/src/yamlcpp/directives.h
LHAPDF-6.3.0/src/yamlcpp/nodebuilder.cpp
LHAPDF-6.3.0/src/yamlcpp/scantag.h
LHAPDF-6.3.0/src/yamlcpp/exceptions.cpp
LHAPDF-6.3.0/src/yamlcpp/emitfromevents.cpp
LHAPDF-6.3.0/src/FileIO.cc
LHAPDF-6.3.0/src/PDFInfo.cc
LHAPDF-6.3.0/src/AlphaS_ODE.cc
LHAPDF-6.3.0/src/NearestPointExtrapolator.cc
LHAPDF-6.3.0/src/Makefile.am
LHAPDF-6.3.0/src/BilinearInterpolator.cc
LHAPDF-6.3.0/src/ContinuationExtrapolator.cc
LHAPDF-6.3.0/src/AlphaS_Ipol.cc
LHAPDF-6.3.0/src/Makefile.in
LHAPDF-6.3.0/src/Factories.cc
LHAPDF-6.3.0/src/Paths.cc
LHAPDF-6.3.0/src/Utils.cc
LHAPDF-6.3.0/src/Interpolator.cc
LHAPDF-6.3.0/src/GridPDF.cc
LHAPDF-6.3.0/src/PDFIndex.cc
LHAPDF-6.3.0/src/LogBicubicInterpolator.cc
LHAPDF-6.3.0/src/AlphaS.cc
LHAPDF-6.3.0/src/BicubicInterpolator.cc
LHAPDF-6.3.0/src/LHAGlue.cc
LHAPDF-6.3.0/src/Info.cc
LHAPDF-6.3.0/src/LogBilinearInterpolator.cc
LHAPDF-6.3.0/src/PDFSet.cc
LHAPDF-6.3.0/src/AlphaS_Analytic.cc
LHAPDF-6.3.0/src/Config.cc
LHAPDF-6.3.0/configure
LHAPDF-6.3.0/include/
LHAPDF-6.3.0/include/Makefile.am
LHAPDF-6.3.0/include/Makefile.in
LHAPDF-6.3.0/include/LHAPDF/
LHAPDF-6.3.0/include/LHAPDF/BicubicInterpolator.h
LHAPDF-6.3.0/include/LHAPDF/PDFInfo.h
LHAPDF-6.3.0/include/LHAPDF/Version.h
LHAPDF-6.3.0/include/LHAPDF/Config.h
LHAPDF-6.3.0/include/LHAPDF/PDFIndex.h
LHAPDF-6.3.0/include/LHAPDF/ErrExtrapolator.h
LHAPDF-6.3.0/include/LHAPDF/PDFSet.h
LHAPDF-6.3.0/include/LHAPDF/LogBilinearInterpolator.h
LHAPDF-6.3.0/include/LHAPDF/Makefile.am
LHAPDF-6.3.0/include/LHAPDF/Reweighting.h
LHAPDF-6.3.0/include/LHAPDF/Info.h
LHAPDF-6.3.0/include/LHAPDF/Makefile.in
LHAPDF-6.3.0/include/LHAPDF/Exceptions.h
LHAPDF-6.3.0/include/LHAPDF/LogBicubicInterpolator.h
LHAPDF-6.3.0/include/LHAPDF/Version.h.in
LHAPDF-6.3.0/include/LHAPDF/LHAGlue.h
LHAPDF-6.3.0/include/LHAPDF/Utils.h
LHAPDF-6.3.0/include/LHAPDF/GridPDF.h
LHAPDF-6.3.0/include/LHAPDF/Factories.h
LHAPDF-6.3.0/include/LHAPDF/NearestPointExtrapolator.h
LHAPDF-6.3.0/include/LHAPDF/AlphaS.h
LHAPDF-6.3.0/include/LHAPDF/ContinuationExtrapolator.h
LHAPDF-6.3.0/include/LHAPDF/BilinearInterpolator.h
LHAPDF-6.3.0/include/LHAPDF/LHAPDF.h
LHAPDF-6.3.0/include/LHAPDF/PDF.h
LHAPDF-6.3.0/include/LHAPDF/Extrapolator.h
LHAPDF-6.3.0/include/LHAPDF/FileIO.h
LHAPDF-6.3.0/include/LHAPDF/KnotArray.h
LHAPDF-6.3.0/include/LHAPDF/Paths.h
LHAPDF-6.3.0/include/LHAPDF/Interpolator.h
LHAPDF-6.3.0/mkindex
LHAPDF-6.3.0/tests/
LHAPDF-6.3.0/tests/testgrid.cc
LHAPDF-6.3.0/tests/testinfo.cc
LHAPDF-6.3.0/tests/testindex.cc
LHAPDF-6.3.0/tests/testalphas.cc
LHAPDF-6.3.0/tests/Makefile.am
LHAPDF-6.3.0/tests/Makefile.in
LHAPDF-6.3.0/tests/testpaths.cc
LHAPDF-6.3.0/tests/testnsetperf.cc
LHAPDF-6.3.0/tests/testperf.cc
LHAPDF-6.3.0/tests/testsetperf.cc
LHAPDF-6.3.0/lhapdf.conf
LHAPDF-6.3.0/COPYING
LHAPDF-6.3.0/configure.ac
LHAPDF-6.3.0/NEWS
LHAPDF-6.3.0/TODO
LHAPDF-6.3.0/README
 Enter LHAPDF6 directory
 Configure LHAPDF
configure: WARNING: unrecognized options: --with-boost
checking for a BSD-compatible install... /usr/bin/install -c
checking whether build environment is sane... yes
checking for a thread-safe mkdir -p... /usr/bin/mkdir -p
checking for gawk... no
checking for mawk... mawk
checking whether make sets $(MAKE)... yes
checking whether make supports nested variables... yes
checking whether make supports nested variables... (cached) yes
checking for sw_vers... no
./configure: line 3168: test: -static-libstdc++: binary operator expected
checking for style of include used by make... GNU
checking whether to compile using MPI... no
checking whether the C++ compiler works... yes
checking for C++ compiler default output file name... a.out
checking for suffix of executables... 
checking whether we are cross compiling... no
checking for suffix of object files... o
checking whether we are using the GNU C++ compiler... yes
checking whether g++ accepts -g... yes
checking dependency style of g++... gcc3
checking whether g++ supports C++11 features by default... yes
checking for gcc... gcc
checking whether we are using the GNU C compiler... yes
checking whether gcc accepts -g... yes
checking for gcc option to accept ISO C89... none needed
checking whether gcc understands -c and -o together... yes
checking dependency style of gcc... gcc3
checking whether ln -s works... yes
checking build system type... x86_64-pc-linux-gnu
checking host system type... x86_64-pc-linux-gnu
checking how to print strings... printf
checking for a sed that does not truncate output... /usr/bin/sed
checking for grep that handles long lines and -e... /usr/bin/grep
checking for egrep... /usr/bin/grep -E
checking for fgrep... /usr/bin/grep -F
checking for ld used by gcc... /usr/bin/ld
checking if the linker (/usr/bin/ld) is GNU ld... yes
checking for BSD- or MS-compatible name lister (nm)... /usr/bin/nm -B
checking the name lister (/usr/bin/nm -B) interface... BSD nm
checking the maximum length of command line arguments... 1572864
checking how to convert x86_64-pc-linux-gnu file names to x86_64-pc-linux-gnu format... func_convert_file_noop
checking how to convert x86_64-pc-linux-gnu file names to toolchain format... func_convert_file_noop
checking for /usr/bin/ld option to reload object files... -r
checking for objdump... objdump
checking how to recognize dependent libraries... pass_all
checking for dlltool... no
checking how to associate runtime and link libraries... printf %s\n
checking for ar... ar
checking for archiver @FILE support... @
checking for strip... strip
checking for ranlib... ranlib
checking command to parse /usr/bin/nm -B output from gcc object... ok
checking for sysroot... no
checking for a working dd... /usr/bin/dd
checking how to truncate binary pipes... /usr/bin/dd bs=4096 count=1
checking for mt... mt
checking if mt is a manifest tool... no
checking how to run the C preprocessor... gcc -E
checking for ANSI C header files... yes
checking for sys/types.h... yes
checking for sys/stat.h... yes
checking for stdlib.h... yes
checking for string.h... yes
checking for memory.h... yes
checking for strings.h... yes
checking for inttypes.h... yes
checking for stdint.h... yes
checking for unistd.h... yes
checking for dlfcn.h... yes
checking for objdir... .libs
checking if gcc supports -fno-rtti -fno-exceptions... no
checking for gcc option to produce PIC... -fPIC -DPIC
checking if gcc PIC flag -fPIC -DPIC works... yes
checking if gcc static flag -static works... yes
checking if gcc supports -c -o file.o... yes
checking if gcc supports -c -o file.o... (cached) yes
checking whether the gcc linker (/usr/bin/ld -m elf_x86_64) supports shared libraries... yes
checking whether -lc should be explicitly linked in... no
checking dynamic linker characteristics... GNU/Linux ld.so
checking how to hardcode library paths into programs... immediate
checking whether stripping libraries is possible... yes
checking if libtool supports shared libraries... yes
checking whether to build shared libraries... yes
checking whether to build static libraries... yes
checking how to run the C++ preprocessor... g++ -E
checking for ld used by g++... /usr/bin/ld -m elf_x86_64
checking if the linker (/usr/bin/ld -m elf_x86_64) is GNU ld... yes
checking whether the g++ linker (/usr/bin/ld -m elf_x86_64) supports shared libraries... yes
checking for g++ option to produce PIC... -fPIC -DPIC
checking if g++ PIC flag -fPIC -DPIC works... yes
checking if g++ static flag -static works... yes
checking if g++ supports -c -o file.o... yes
checking if g++ supports -c -o file.o... (cached) yes
checking whether the g++ linker (/usr/bin/ld -m elf_x86_64) supports shared libraries... yes
checking dynamic linker characteristics... (cached) GNU/Linux ld.so
checking how to hardcode library paths into programs... immediate
configure: Building LHAGLUE Fortran wrappers
configure: Building LHAGLUE C++ wrappers
checking for pdflatex... /usr/bin/pdflatex
checking for doxygen... no
checking for python... /usr/bin/python3
Traceback (most recent call last):
  File "<string>", line 1, in <module>
ModuleNotFoundError: No module named 'distutils.sysconfig'
checking for python version... 3.8
checking for python platform... linux
checking for python script directory... ${prefix}/lib/python3.8/site-packages
checking for python extension module directory... ${exec_prefix}/lib/python3.8/site-packages
checking for Cython >= 0.19... no
checking if the g++ compiler accepts the -pedantic flag... yes
checking if the g++ compiler accepts the -Wall flag... yes
checking if the g++ compiler accepts the -Wno-long-long flag... yes
checking if the g++ compiler accepts the -Qunused-arguments flag... no
checking that generated files are newer than configure... done
configure: creating ./config.status
config.status: creating Makefile
config.status: creating src/Makefile
config.status: creating src/yamlcpp/Makefile
config.status: creating include/Makefile
config.status: creating include/LHAPDF/Makefile
config.status: creating bin/Makefile
config.status: creating bin/lhapdf-config
config.status: creating examples/Makefile
config.status: creating tests/Makefile
config.status: creating doc/Makefile
config.status: creating doc/Doxyfile
config.status: creating lhapdf.pc
config.status: creating wrappers/Makefile
config.status: creating wrappers/python/Makefile
config.status: creating wrappers/python/setup.py
config.status: creating config/config.h
config.status: creating include/LHAPDF/Version.h
config.status: include/LHAPDF/Version.h is unchanged
config.status: executing depfiles commands
config.status: executing libtool commands
configure: WARNING: unrecognized options: --with-boost

****************************************************************
IMPORTANT INFORMATION ABOUT PDF SETS

LHAPDF no longer bundles PDF set data in the package tarball.
The sets are instead all stored online at
  http://lhapdfsets.web.cern.ch/lhapdfsets/current/
and you should install those that you wish to use into
  /home/qamar/software/MG5_aMC_v3_4_0/HEPTools/lhapdf6_py3/share/LHAPDF

The downloadable PDF sets are packaged as tarballs, which
must be expanded to be used. The simplest way to do this is with
the 'lhapdf' script, e.g. to install the CT10nlo PDF set:
  lhapdf install CT10nlo
The same effect can be achieved manually with, e.g.:
  wget http://lhapdfsets.web.cern.ch/lhapdfsets/current/CT10nlo.tar.gz -O- | tar xz -C /home/qamar/software/MG5_aMC_v3_4_0/HEPTools/lhapdf6_py3/share/LHAPDF

****************************************************************

 Compile LHAPDF6
Making all in src
make[1]: Entering directory '/tmp/tmph9jak3mi/LHAPDF-6.3.0/src'
Making all in yamlcpp
make[2]: Entering directory '/tmp/tmph9jak3mi/LHAPDF-6.3.0/src/yamlcpp'
  CXX      liblhapdf_yaml_cpp_la-binary.lo
  CXX      liblhapdf_yaml_cpp_la-emitterstate.lo
  CXX      liblhapdf_yaml_cpp_la-node.lo
  CXX      liblhapdf_yaml_cpp_la-parser.lo
  CXX      liblhapdf_yaml_cpp_la-simplekey.lo
  CXX      liblhapdf_yaml_cpp_la-convert.lo
  CXX      liblhapdf_yaml_cpp_la-emitterutils.lo
  CXX      liblhapdf_yaml_cpp_la-node_data.lo
  CXX      liblhapdf_yaml_cpp_la-regex_yaml.lo
  CXX      liblhapdf_yaml_cpp_la-singledocparser.lo
  CXX      liblhapdf_yaml_cpp_la-directives.lo
  CXX      liblhapdf_yaml_cpp_la-exceptions.lo
  CXX      liblhapdf_yaml_cpp_la-nodeevents.lo
  CXX      liblhapdf_yaml_cpp_la-scanner.lo
  CXX      liblhapdf_yaml_cpp_la-stream.lo
  CXX      liblhapdf_yaml_cpp_la-emit.lo
  CXX      liblhapdf_yaml_cpp_la-exp.lo
  CXX      liblhapdf_yaml_cpp_la-null.lo
  CXX      liblhapdf_yaml_cpp_la-scanscalar.lo
  CXX      liblhapdf_yaml_cpp_la-tag.lo
  CXX      liblhapdf_yaml_cpp_la-emitfromevents.lo
  CXX      liblhapdf_yaml_cpp_la-memory.lo
  CXX      liblhapdf_yaml_cpp_la-ostream_wrapper.lo
  CXX      liblhapdf_yaml_cpp_la-scantag.lo
  CXX      liblhapdf_yaml_cpp_la-emitter.lo
  CXX      liblhapdf_yaml_cpp_la-nodebuilder.lo
  CXX      liblhapdf_yaml_cpp_la-parse.lo
  CXX      liblhapdf_yaml_cpp_la-scantoken.lo
  CXXLD    liblhapdf-yaml-cpp.la
ar: `u' modifier ignored since `D' is the default (see `U')
make[2]: Leaving directory '/tmp/tmph9jak3mi/LHAPDF-6.3.0/src/yamlcpp'
make[2]: Entering directory '/tmp/tmph9jak3mi/LHAPDF-6.3.0/src'
  CXX      PDF.lo
  CXX      PDFSet.lo
  CXX      PDFInfo.lo
  CXX      GridPDF.lo
  CXX      KnotArray.lo
  CXX      Interpolator.lo
  CXX      BilinearInterpolator.lo
  CXX      BicubicInterpolator.lo
  CXX      LogBilinearInterpolator.lo
  CXX      LogBicubicInterpolator.lo
  CXX      ErrExtrapolator.lo
  CXX      NearestPointExtrapolator.lo
  CXX      ContinuationExtrapolator.lo
  CXX      AlphaS.lo
  CXX      AlphaS_Analytic.lo
  CXX      AlphaS_ODE.lo
  CXX      AlphaS_Ipol.lo
  CXX      Config.lo
  CXX      Factories.lo
  CXX      PDFIndex.lo
  CXX      Utils.lo
  CXX      FileIO.lo
  CXX      libLHAPDFInfo_la-Info.lo
  CXXLD    libLHAPDFInfo.la
ar: `u' modifier ignored since `D' is the default (see `U')
  CXX      libLHAPDFPaths_la-Paths.lo
  CXXLD    libLHAPDFPaths.la
ar: `u' modifier ignored since `D' is the default (see `U')
  CXX      libLHAPDFGlue_la-LHAGlue.lo
  CXXLD    libLHAPDFGlue.la
ar: `u' modifier ignored since `D' is the default (see `U')
  CXXLD    libLHAPDF.la
ar: `u' modifier ignored since `D' is the default (see `U')
make[2]: Leaving directory '/tmp/tmph9jak3mi/LHAPDF-6.3.0/src'
make[1]: Leaving directory '/tmp/tmph9jak3mi/LHAPDF-6.3.0/src'
Making all in include
make[1]: Entering directory '/tmp/tmph9jak3mi/LHAPDF-6.3.0/include'
Making all in LHAPDF
make[2]: Entering directory '/tmp/tmph9jak3mi/LHAPDF-6.3.0/include/LHAPDF'
make  all-am
make[3]: Entering directory '/tmp/tmph9jak3mi/LHAPDF-6.3.0/include/LHAPDF'
make[3]: Leaving directory '/tmp/tmph9jak3mi/LHAPDF-6.3.0/include/LHAPDF'
make[2]: Leaving directory '/tmp/tmph9jak3mi/LHAPDF-6.3.0/include/LHAPDF'
make[2]: Entering directory '/tmp/tmph9jak3mi/LHAPDF-6.3.0/include'
make[2]: Nothing to be done for 'all-am'.
make[2]: Leaving directory '/tmp/tmph9jak3mi/LHAPDF-6.3.0/include'
make[1]: Leaving directory '/tmp/tmph9jak3mi/LHAPDF-6.3.0/include'
Making all in wrappers
make[1]: Entering directory '/tmp/tmph9jak3mi/LHAPDF-6.3.0/wrappers'
Making all in python
make[2]: Entering directory '/tmp/tmph9jak3mi/LHAPDF-6.3.0/wrappers/python'
for i in lhapdf.cpp lhapdf.pyx clhapdf.pxd; do \
  orig="$i"; \
  build="$(basename $i)"; \
  if [ ! -e ${build} ]; then cp ${orig} ${build}; \
  echo ${build} >> fix-out-of-source; fi; \
done
touch fix-out-of-source
CC="g++" CXX="g++" CFLAGS="-g -O2" CXXFLAGS="-static-libstdc++ -std=c++11 " /usr/bin/python3 setup.py install --install-lib=build/ --force
Traceback (most recent call last):
  File "setup.py", line 4, in <module>
    from distutils.core import setup
ModuleNotFoundError: No module named 'distutils.core'
make[2]: *** [Makefile:485: all-local] Error 1
make[2]: Leaving directory '/tmp/tmph9jak3mi/LHAPDF-6.3.0/wrappers/python'
make[1]: *** [Makefile:376: all-recursive] Error 1
make[1]: Leaving directory '/tmp/tmph9jak3mi/LHAPDF-6.3.0/wrappers'
make: *** [Makefile:509: all-recursive] Error 1
 Install LHAPDF6
Making install in src
make[1]: Entering directory '/tmp/tmph9jak3mi/LHAPDF-6.3.0/src'
Making install in yamlcpp
make[2]: Entering directory '/tmp/tmph9jak3mi/LHAPDF-6.3.0/src/yamlcpp'
make[3]: Entering directory '/tmp/tmph9jak3mi/LHAPDF-6.3.0/src/yamlcpp'
make[3]: Nothing to be done for 'install-exec-am'.
make[3]: Nothing to be done for 'install-data-am'.
make[3]: Leaving directory '/tmp/tmph9jak3mi/LHAPDF-6.3.0/src/yamlcpp'
make[2]: Leaving directory '/tmp/tmph9jak3mi/LHAPDF-6.3.0/src/yamlcpp'
make[2]: Entering directory '/tmp/tmph9jak3mi/LHAPDF-6.3.0/src'
make[3]: Entering directory '/tmp/tmph9jak3mi/LHAPDF-6.3.0/src'
 /usr/bin/mkdir -p '/home/qamar/software/MG5_aMC_v3_4_0/HEPTools/lhapdf6_py3//lib'
 /bin/bash ../libtool   --mode=install /usr/bin/install -c   libLHAPDF.la '/home/qamar/software/MG5_aMC_v3_4_0/HEPTools/lhapdf6_py3//lib'
libtool: install: /usr/bin/install -c .libs/libLHAPDF.so /home/qamar/software/MG5_aMC_v3_4_0/HEPTools/lhapdf6_py3//lib/libLHAPDF.so
libtool: install: /usr/bin/install -c .libs/libLHAPDF.lai /home/qamar/software/MG5_aMC_v3_4_0/HEPTools/lhapdf6_py3//lib/libLHAPDF.la
libtool: install: /usr/bin/install -c .libs/libLHAPDF.a /home/qamar/software/MG5_aMC_v3_4_0/HEPTools/lhapdf6_py3//lib/libLHAPDF.a
libtool: install: chmod 644 /home/qamar/software/MG5_aMC_v3_4_0/HEPTools/lhapdf6_py3//lib/libLHAPDF.a
libtool: install: ranlib /home/qamar/software/MG5_aMC_v3_4_0/HEPTools/lhapdf6_py3//lib/libLHAPDF.a
libtool: finish: PATH="/home/qamar/software/MG5_aMC_v3_4_0/HEPTools/bin:/usr/local/sbin:/usr/local/bin:/usr/sbin:/usr/bin:/sbin:/bin:/usr/games:/usr/local/games:/snap/bin:/sbin" ldconfig -n /home/qamar/software/MG5_aMC_v3_4_0/HEPTools/lhapdf6_py3//lib
----------------------------------------------------------------------
Libraries have been installed in:
   /home/qamar/software/MG5_aMC_v3_4_0/HEPTools/lhapdf6_py3//lib

If you ever happen to want to link against installed libraries
in a given directory, LIBDIR, you must either use libtool, and
specify the full pathname of the library, or use the '-LLIBDIR'
flag during linking and do at least one of the following:
   - add LIBDIR to the 'LD_LIBRARY_PATH' environment variable
     during execution
   - add LIBDIR to the 'LD_RUN_PATH' environment variable
     during linking
   - use the '-Wl,-rpath -Wl,LIBDIR' linker flag
   - have your system administrator add LIBDIR to '/etc/ld.so.conf'

See any operating system documentation about shared libraries for
more information, such as the ld(1) and ld.so(8) manual pages.
----------------------------------------------------------------------
make[3]: Nothing to be done for 'install-data-am'.
make[3]: Leaving directory '/tmp/tmph9jak3mi/LHAPDF-6.3.0/src'
make[2]: Leaving directory '/tmp/tmph9jak3mi/LHAPDF-6.3.0/src'
make[1]: Leaving directory '/tmp/tmph9jak3mi/LHAPDF-6.3.0/src'
Making install in include
make[1]: Entering directory '/tmp/tmph9jak3mi/LHAPDF-6.3.0/include'
Making install in LHAPDF
make[2]: Entering directory '/tmp/tmph9jak3mi/LHAPDF-6.3.0/include/LHAPDF'
make[3]: Entering directory '/tmp/tmph9jak3mi/LHAPDF-6.3.0/include/LHAPDF'
make[3]: Nothing to be done for 'install-exec-am'.
 /usr/bin/mkdir -p '/home/qamar/software/MG5_aMC_v3_4_0/HEPTools/lhapdf6_py3/include/LHAPDF'
 /usr/bin/install -c -m 644 LHAPDF.h Version.h Info.h Config.h PDFSet.h PDFInfo.h PDF.h GridPDF.h KnotArray.h Utils.h FileIO.h Paths.h Exceptions.h Factories.h PDFIndex.h Reweighting.h Interpolator.h BilinearInterpolator.h BicubicInterpolator.h LogBilinearInterpolator.h LogBicubicInterpolator.h Extrapolator.h ErrExtrapolator.h NearestPointExtrapolator.h ContinuationExtrapolator.h AlphaS.h LHAGlue.h '/home/qamar/software/MG5_aMC_v3_4_0/HEPTools/lhapdf6_py3/include/LHAPDF'
make[3]: Leaving directory '/tmp/tmph9jak3mi/LHAPDF-6.3.0/include/LHAPDF'
make[2]: Leaving directory '/tmp/tmph9jak3mi/LHAPDF-6.3.0/include/LHAPDF'
make[2]: Entering directory '/tmp/tmph9jak3mi/LHAPDF-6.3.0/include'
make[3]: Entering directory '/tmp/tmph9jak3mi/LHAPDF-6.3.0/include'
make[3]: Nothing to be done for 'install-exec-am'.
make[3]: Nothing to be done for 'install-data-am'.
make[3]: Leaving directory '/tmp/tmph9jak3mi/LHAPDF-6.3.0/include'
make[2]: Leaving directory '/tmp/tmph9jak3mi/LHAPDF-6.3.0/include'
make[1]: Leaving directory '/tmp/tmph9jak3mi/LHAPDF-6.3.0/include'
Making install in wrappers
make[1]: Entering directory '/tmp/tmph9jak3mi/LHAPDF-6.3.0/wrappers'
Making install in python
make[2]: Entering directory '/tmp/tmph9jak3mi/LHAPDF-6.3.0/wrappers/python'
CC="g++" CXX="g++" CFLAGS="-g -O2" CXXFLAGS="-static-libstdc++ -std=c++11 " /usr/bin/python3 setup.py install --install-lib=build/ --force
Traceback (most recent call last):
  File "setup.py", line 4, in <module>
    from distutils.core import setup
ModuleNotFoundError: No module named 'distutils.core'
make[2]: *** [Makefile:485: all-local] Error 1
make[2]: Leaving directory '/tmp/tmph9jak3mi/LHAPDF-6.3.0/wrappers/python'
make[1]: *** [Makefile:376: install-recursive] Error 1
make[1]: Leaving directory '/tmp/tmph9jak3mi/LHAPDF-6.3.0/wrappers'
make: *** [Makefile:509: install-recursive] Error 1
copy index and conf file
cp: missing destination file operand after '/home/qamar/software/MG5_aMC_v3_4_0/HEPTools/lhapdf6_py3//share/LHAPDF/'
Try 'cp --help' for more information.
cp: missing destination file operand after '/home/qamar/software/MG5_aMC_v3_4_0/HEPTools/lhapdf6_py3//share/LHAPDF/'
Try 'cp --help' for more information.
/home/qamar/software/MG5_aMC_v3_4_0/HEPTools/HEPToolsInstallers/installLHAPDF6.sh: line 57: cd: /home/qamar/software/MG5_aMC_v3_4_0/HEPTools/lhapdf6_py3//share/LHAPDF: No such file or directory
--2022-06-21 17:27:43--  http://lhapdfsets.web.cern.ch/lhapdfsets/current/NNPDF23_lo_as_0130_qed.tar.gz
Resolving lhapdfsets.web.cern.ch (lhapdfsets.web.cern.ch)... 188.185.87.216, 188.185.90.87, 137.138.31.235
Connecting to lhapdfsets.web.cern.ch (lhapdfsets.web.cern.ch)|188.185.87.216|:80... connected.
HTTP request sent, awaiting response... 302 Found
Location: https://lhapdfsets.web.cern.ch/lhapdfsets/current/NNPDF23_lo_as_0130_qed.tar.gz [following]
--2022-06-21 17:27:44--  https://lhapdfsets.web.cern.ch/lhapdfsets/current/NNPDF23_lo_as_0130_qed.tar.gz
Connecting to lhapdfsets.web.cern.ch (lhapdfsets.web.cern.ch)|188.185.87.216|:443... connected.
HTTP request sent, awaiting response... 302 Found
Location: https://lhapdfsets.web.cern.ch/current/NNPDF23_lo_as_0130_qed.tar.gz [following]
--2022-06-21 17:27:45--  https://lhapdfsets.web.cern.ch/current/NNPDF23_lo_as_0130_qed.tar.gz
Reusing existing connection to lhapdfsets.web.cern.ch:443.
HTTP request sent, awaiting response... 200 OK
Length: 27625668 (26M) [application/x-gzip]
Saving to: ‘NNPDF23_lo_as_0130_qed.tar.gz’

     0K .......... .......... .......... .......... ..........  0%  153K 2m56s
    50K .......... .......... .......... .......... ..........  0%  331K 2m8s
   100K .......... .......... .......... .......... ..........  0%  511K 1m43s
   150K .......... .......... .......... .......... ..........  0%  536K 90s
   200K .......... .......... .......... .......... ..........  0%  357K 86s
   250K .......... .......... .......... .......... ..........  1%  388K 83s
   300K .......... .......... .......... .......... ..........  1%  225K 88s
   350K .......... .......... .......... .......... ..........  1% 1.35M 79s
   400K .......... .......... .......... .......... ..........  1%  125K 94s
   450K .......... .......... .......... .......... ..........  1% 34.6M 85s
   500K .......... .......... .......... .......... ..........  2% 28.9M 77s
   550K .......... .......... .......... .......... ..........  2%  916K 73s
   600K .......... .......... .......... .......... ..........  2%  600K 70s
   650K .......... .......... .......... .......... ..........  2%  316K 71s
   700K .......... .......... .......... .......... ..........  2%  331K 72s
   750K .......... .......... .......... .......... ..........  2%  454K 71s
   800K .......... .......... .......... .......... ..........  3%  546K 69s
   850K .......... .......... .......... .......... ..........  3%  600K 68s
   900K .......... .......... .......... .......... ..........  3%  657K 66s
   950K .......... .......... .......... .......... ..........  3%  463K 65s
  1000K .......... .......... .......... .......... ..........  3%  568K 64s
  1050K .......... .......... .......... .......... ..........  4%  361K 65s
  1100K .......... .......... .......... .......... ..........  4%  639K 63s
  1150K .......... .......... .......... .......... ..........  4%  440K 63s
  1200K .......... .......... .......... .......... ..........  4%  528K 62s
  1250K .......... .......... .......... .......... ..........  4%  608K 61s
  1300K .......... .......... .......... .......... ..........  5%  140K 66s
  1350K .......... .......... .......... .......... ..........  5% 1.53M 64s
  1400K .......... .......... .......... .......... ..........  5% 32.6M 62s
  1450K .......... .......... .......... .......... ..........  5%  501K 61s
  1500K .......... .......... .......... .......... ..........  5%  367K 61s
  1550K .......... .......... .......... .......... ..........  5%  349K 62s
  1600K .......... .......... .......... .......... ..........  6%  390K 62s
  1650K .......... .......... .......... .......... ..........  6%  513K 61s
  1700K .......... .......... .......... .......... ..........  6%  267K 62s
  1750K .......... .......... .......... .......... ..........  6%  640K 61s
  1800K .......... .......... .......... .......... ..........  6%  127K 65s
  1850K .......... .......... .......... .......... ..........  7% 33.6M 63s
  1900K .......... .......... .......... .......... ..........  7%  405K 63s
  1950K .......... .......... .......... .......... ..........  7%  465K 62s
  2000K .......... .......... .......... .......... ..........  7%  239K 63s
  2050K .......... .......... .......... .......... ..........  7%  339K 63s
  2100K .......... .......... .......... .......... ..........  7%  306K 64s
  2150K .......... .......... .......... .......... ..........  8%  605K 63s
  2200K .......... .......... .......... .......... ..........  8%  293K 63s
  2250K .......... .......... .......... .......... ..........  8%  394K 63s
  2300K .......... .......... .......... .......... ..........  8%  378K 63s
  2350K .......... .......... .......... .......... ..........  8%  285K 64s
  2400K .......... .......... .......... .......... ..........  9%  409K 63s
  2450K .......... .......... .......... .......... ..........  9%  345K 63s
  2500K .......... .......... .......... .......... ..........  9%  331K 63s
  2550K .......... .......... .......... .......... ..........  9%  472K 63s
  2600K .......... .......... .......... .......... ..........  9%  367K 63s
  2650K .......... .......... .......... .......... .......... 10%  352K 63s
  2700K .......... .......... .......... .......... .......... 10%  326K 63s
  2750K .......... .......... .......... .......... .......... 10%  467K 63s
  2800K .......... .......... .......... .......... .......... 10%  482K 62s
  2850K .......... .......... .......... .......... .......... 10%  423K 62s
  2900K .......... .......... .......... .......... .......... 10%  382K 62s
  2950K .......... .......... .......... .......... .......... 11%  332K 62s
  3000K .......... .......... .......... .......... .......... 11%  418K 62s
  3050K .......... .......... .......... .......... .......... 11%  486K 62s
  3100K .......... .......... .......... .......... .......... 11%  406K 61s
  3150K .......... .......... .......... .......... .......... 11%  138K 63s
  3200K .......... .......... .......... .......... .......... 12% 1.80M 62s
  3250K .......... .......... .......... .......... .......... 12%  240K 63s
  3300K .......... .......... .......... .......... .......... 12%  320K 63s
  3350K .......... .......... .......... .......... .......... 12%  391K 62s
  3400K .......... .......... .......... .......... .......... 12%  164K 63s
  3450K .......... .......... .......... .......... .......... 12% 2.11M 63s
  3500K .......... .......... .......... .......... .......... 13%  243K 63s
  3550K .......... .......... .......... .......... .......... 13% 68.0K 67s
  3600K .......... .......... .......... .......... .......... 13% 27.3M 66s
  3650K .......... .......... .......... .......... .......... 13% 4.19M 65s
  3700K .......... .......... .......... .......... .......... 13%  101K 67s
  3750K .......... .......... .......... .......... .......... 14%  103K 69s
  3800K .......... .......... .......... .......... .......... 14% 92.5K 71s
  3850K .......... .......... .......... .......... .......... 14%  165K 72s
  3900K .......... .......... .......... .......... .......... 14%  127K 73s
  3950K .......... .......... .......... .......... .......... 14%  123K 74s
  4000K .......... .......... .......... .......... .......... 15%  119K 75s
  4050K .......... .......... .......... .......... .......... 15%  126K 77s
  4100K .......... .......... .......... .......... .......... 15%  140K 77s
  4150K .......... .......... .......... .......... .......... 15%  218K 78s
  4200K .......... .......... .......... .......... .......... 15%  136K 79s
  4250K .......... .......... .......... .......... .......... 15%  211K 79s
  4300K .......... .......... .......... .......... .......... 16%  145K 79s
  4350K .......... .......... .......... .......... .......... 16%  178K 80s
  4400K .......... .......... .......... .......... .......... 16%  171K 80s
  4450K .......... .......... .......... .......... .......... 16%  147K 81s
  4500K .......... .......... .......... .......... .......... 16%  202K 81s
  4550K .......... .......... .......... .......... .......... 17%  233K 81s
  4600K .......... .......... .......... .......... .......... 17%  251K 81s
  4650K .......... .......... .......... .......... .......... 17%  258K 81s
  4700K .......... .......... .......... .......... .......... 17%  264K 81s
  4750K .......... .......... .......... .......... .......... 17%  276K 80s
  4800K .......... .......... .......... .......... .......... 17%  129K 81s
  4850K .......... .......... .......... .......... .......... 18%  341K 81s
  4900K .......... .......... .......... .......... .......... 18%  177K 81s
  4950K .......... .......... .......... .......... .......... 18%  236K 81s
  5000K .......... .......... .......... .......... .......... 18%  351K 81s
  5050K .......... .......... .......... .......... .......... 18%  268K 80s
  5100K .......... .......... .......... .......... .......... 19%  267K 80s
  5150K .......... .......... .......... .......... .......... 19%  271K 80s
  5200K .......... .......... .......... .......... .......... 19%  229K 80s
  5250K .......... .......... .......... .......... .......... 19%  341K 80s
  5300K .......... .......... .......... .......... .......... 19%  279K 80s
  5350K .......... .......... .......... .......... .......... 20%  351K 79s
  5400K .......... .......... .......... .......... .......... 20%  295K 79s
  5450K .......... .......... .......... .......... .......... 20%  293K 79s
  5500K .......... .......... .......... .......... .......... 20%  470K 78s
  5550K .......... .......... .......... .......... .......... 20%  281K 78s
  5600K .......... .......... .......... .......... .......... 20%  245K 78s
  5650K .......... .......... .......... .......... .......... 21%  269K 78s
  5700K .......... .......... .......... .......... .......... 21%  388K 77s
  5750K .......... .......... .......... .......... .......... 21%  239K 77s
  5800K .......... .......... .......... .......... .......... 21%  344K 77s
  5850K .......... .......... .......... .......... .......... 21%  353K 77s
  5900K .......... .......... .......... .......... .......... 22%  280K 76s
  5950K .......... .......... .......... .......... .......... 22%  256K 76s
  6000K .......... .......... .......... .......... .......... 22%  331K 76s
  6050K .......... .......... .......... .......... .......... 22%  294K 76s
  6100K .......... .......... .......... .......... .......... 22%  389K 75s
  6150K .......... .......... .......... .......... .......... 22%  351K 75s
  6200K .......... .......... .......... .......... .......... 23%  287K 75s
  6250K .......... .......... .......... .......... .......... 23%  318K 75s
  6300K .......... .......... .......... .......... .......... 23%  355K 74s
  6350K .......... .......... .......... .......... .......... 23%  264K 74s
  6400K .......... .......... .......... .......... .......... 23%  404K 74s
  6450K .......... .......... .......... .......... .......... 24%  256K 74s
  6500K .......... .......... .......... .......... .......... 24%  191K 74s
  6550K .......... .......... .......... .......... .......... 24%  492K 73s
  6600K .......... .......... .......... .......... .......... 24%  236K 73s
  6650K .......... .......... .......... .......... .......... 24%  267K 73s
  6700K .......... .......... .......... .......... .......... 25%  119K 74s
  6750K .......... .......... .......... .......... .......... 25% 1.22M 73s
  6800K .......... .......... .......... .......... .......... 25%  173K 73s
  6850K .......... .......... .......... .......... .......... 25%  240K 73s
  6900K .......... .......... .......... .......... .......... 25%  192K 73s
  6950K .......... .......... .......... .......... .......... 25%  248K 73s
  7000K .......... .......... .......... .......... .......... 26%  178K 73s
  7050K .......... .......... .......... .......... .......... 26%  245K 73s
  7100K .......... .......... .......... .......... .......... 26%  219K 73s
  7150K .......... .......... .......... .......... .......... 26%  217K 73s
  7200K .......... .......... .......... .......... .......... 26%  211K 73s
  7250K .......... .......... .......... .......... .......... 27%  257K 73s
  7300K .......... .......... .......... .......... .......... 27%  260K 73s
  7350K .......... .......... .......... .......... .......... 27%  258K 72s
  7400K .......... .......... .......... .......... .......... 27%  244K 72s
  7450K .......... .......... .......... .......... .......... 27%  257K 72s
  7500K .......... .......... .......... .......... .......... 27%  190K 72s
  7550K .......... .......... .......... .......... .......... 28%  268K 72s
  7600K .......... .......... .......... .......... .......... 28%  264K 72s
  7650K .......... .......... .......... .......... .......... 28%  187K 72s
  7700K .......... .......... .......... .......... .......... 28% 87.8K 73s
  7750K .......... .......... .......... .......... .......... 28% 29.8K 76s
  7800K .......... .......... .......... .......... .......... 29% 60.5K 77s
  7850K .......... .......... .......... .......... .......... 29% 35.0K 80s
  7900K .......... .......... .......... .......... .......... 29% 41.3K 82s
  7950K .......... .......... .......... .......... .......... 29% 73.8K 83s
  8000K .......... .......... .......... .......... .......... 29% 45.1K 85s
  8050K .......... .......... .......... .......... .......... 30% 60.1K 86s
  8100K .......... .......... .......... .......... .......... 30%  107K 87s
  8150K .......... .......... .......... .......... .......... 30% 88.1K 87s
  8200K .......... .......... .......... .......... .......... 30% 79.5K 88s
  8250K .......... .......... .......... .......... .......... 30% 79.3K 88s
  8300K .......... .......... .......... .......... .......... 30% 98.8K 89s
  8350K .......... .......... .......... .......... .......... 31%  108K 89s
  8400K .......... .......... .......... .......... .......... 31%  109K 89s
  8450K .......... .......... .......... .......... .......... 31%  172K 89s
  8500K .......... .......... .......... .......... .......... 31%  108K 89s
  8550K .......... .......... .......... .......... .......... 31%  133K 89s
  8600K .......... .......... .......... .......... .......... 32%  230K 89s
  8650K .......... .......... .......... .......... .......... 32%  173K 89s
  8700K .......... .......... .......... .......... .......... 32%  244K 89s
  8750K .......... .......... .......... .......... .......... 32%  236K 88s
  8800K .......... .......... .......... .......... .......... 32%  245K 88s
  8850K .......... .......... .......... .......... .......... 32%  437K 88s
  8900K .......... .......... .......... .......... .......... 33%  336K 87s
  8950K .......... .......... .......... .......... .......... 33%  365K 87s
  9000K .......... .......... .......... .......... .......... 33%  291K 86s
  9050K .......... .......... .......... .......... .......... 33%  402K 86s
  9100K .......... .......... .......... .......... .......... 33%  424K 85s
  9150K .......... .......... .......... .......... .......... 34%  533K 85s
  9200K .......... .......... .......... .......... .......... 34%  428K 84s
  9250K .......... .......... .......... .......... .......... 34%  459K 84s
  9300K .......... .......... .......... .......... .......... 34%  470K 83s
  9350K .......... .......... .......... .......... .......... 34%  674K 83s
  9400K .......... .......... .......... .......... .......... 35%  351K 82s
  9450K .......... .......... .......... .......... .......... 35%  302K 82s
  9500K .......... .......... .......... .......... .......... 35%  485K 82s
  9550K .......... .......... .......... .......... .......... 35%  508K 81s
  9600K .......... .......... .......... .......... .......... 35%  406K 81s
  9650K .......... .......... .......... .......... .......... 35%  161K 81s
  9700K .......... .......... .......... .......... .......... 36% 11.9M 80s
  9750K .......... .......... .......... .......... .......... 36% 36.8M 79s
  9800K .......... .......... .......... .......... .......... 36% 4.04M 79s
  9850K .......... .......... .......... .......... .......... 36%  492K 78s
  9900K .......... .......... .......... .......... .......... 36%  420K 78s
  9950K .......... .......... .......... .......... .......... 37%  589K 77s
 10000K .......... .......... .......... .......... .......... 37%  712K 77s
 10050K .......... .......... .......... .......... .......... 37%  341K 76s
 10100K .......... .......... .......... .......... .......... 37%  535K 76s
 10150K .......... .......... .......... .......... .......... 37%  147K 76s
 10200K .......... .......... .......... .......... .......... 37%  426K 76s
 10250K .......... .......... .......... .......... .......... 38% 4.98M 75s
 10300K .......... .......... .......... .......... .......... 38% 1.87M 74s
 10350K .......... .......... .......... .......... .......... 38%  316K 74s
 10400K .......... .......... .......... .......... .......... 38%  564K 74s
 10450K .......... .......... .......... .......... .......... 38%  312K 73s
 10500K .......... .......... .......... .......... .......... 39%  195K 73s
 10550K .......... .......... .......... .......... .......... 39% 32.6M 73s
 10600K .......... .......... .......... .......... .......... 39%  155K 73s
 10650K .......... .......... .......... .......... .......... 39%  436K 72s
 10700K .......... .......... .......... .......... .......... 39%  176K 72s
 10750K .......... .......... .......... .......... .......... 40%  360K 72s
 10800K .......... .......... .......... .......... .......... 40%  207K 72s
 10850K .......... .......... .......... .......... .......... 40%  141K 72s
 10900K .......... .......... .......... .......... .......... 40% 38.6M 71s
 10950K .......... .......... .......... .......... .......... 40%  170K 71s
 11000K .......... .......... .......... .......... .......... 40%  222K 71s
 11050K .......... .......... .......... .......... .......... 41%  222K 70s
 11100K .......... .......... .......... .......... .......... 41% 78.6K 71s
 11150K .......... .......... .......... .......... .......... 41% 28.4M 70s
 11200K .......... .......... .......... .......... .......... 41%  291K 70s
 11250K .......... .......... .......... .......... .......... 41%  226K 70s
 11300K .......... .......... .......... .......... .......... 42%  137K 70s
 11350K .......... .......... .......... .......... .......... 42%  153K 70s
 11400K .......... .......... .......... .......... .......... 42%  223K 69s
 11450K .......... .......... .......... .......... .......... 42%  236K 69s
 11500K .......... .......... .......... .......... .......... 42%  230K 69s
 11550K .......... .......... .......... .......... .......... 42%  143K 69s
 11600K .......... .......... .......... .......... .......... 43%  138K 69s
 11650K .......... .......... .......... .......... .......... 43%  286K 69s
 11700K .......... .......... .......... .......... .......... 43%  102K 69s
 11750K .......... .......... .......... .......... .......... 43%  101K 69s
 11800K .......... .......... .......... .......... .......... 43%  128K 69s
 11850K .......... .......... .......... .......... .......... 44%  129K 69s
 11900K .......... .......... .......... .......... .......... 44%  130K 69s
 11950K .......... .......... .......... .......... .......... 44%  133K 69s
 12000K .......... .......... .......... .......... .......... 44%  191K 68s
 12050K .......... .......... .......... .......... .......... 44% 97.9K 69s
 12100K .......... .......... .......... .......... .......... 45%  184K 68s
 12150K .......... .......... .......... .......... .......... 45%  140K 68s
 12200K .......... .......... .......... .......... .......... 45%  161K 68s
 12250K .......... .......... .......... .......... .......... 45%  180K 68s
 12300K .......... .......... .......... .......... .......... 45%  112K 68s
 12350K .......... .......... .......... .......... .......... 45%  251K 68s
 12400K .......... .......... .......... .......... .......... 46%  135K 68s
 12450K .......... .......... .......... .......... .......... 46%  105K 68s
 12500K .......... .......... .......... .......... .......... 46%  180K 68s
 12550K .......... .......... .......... .......... .......... 46%  136K 67s
 12600K .......... .......... .......... .......... .......... 46%  229K 67s
 12650K .......... .......... .......... .......... .......... 47%  100K 67s
 12700K .......... .......... .......... .......... .......... 47%  265K 67s
 12750K .......... .......... .......... .......... .......... 47%  124K 67s
 12800K .......... .......... .......... .......... .......... 47%  108K 67s
 12850K .......... .......... .......... .......... .......... 47%  124K 67s
 12900K .......... .......... .......... .......... .......... 48%  114K 67s
 12950K .......... .......... .......... .......... .......... 48%  131K 67s
 13000K .......... .......... .......... .......... .......... 48%  126K 67s
 13050K .......... .......... .......... .......... .......... 48% 91.5K 67s
 13100K .......... .......... .......... .......... .......... 48%  108K 67s
 13150K .......... .......... .......... .......... .......... 48%  169K 67s
 13200K .......... .......... .......... .......... .......... 49% 98.0K 67s
 13250K .......... .......... .......... .......... .......... 49%  131K 67s
 13300K .......... .......... .......... .......... .......... 49%  124K 66s
 13350K .......... .......... .......... .......... .......... 49% 43.1K 67s
 13400K .......... .......... .......... .......... .......... 49%  123K 67s
 13450K .......... .......... .......... .......... .......... 50%  135K 67s
 13500K .......... .......... .......... .......... .......... 50%  226K 67s
 13550K .......... .......... .......... .......... .......... 50%  130K 67s
 13600K .......... .......... .......... .......... .......... 50%  135K 66s
 13650K .......... .......... .......... .......... .......... 50%  264K 66s
 13700K .......... .......... .......... .......... .......... 50%  222K 66s
 13750K .......... .......... .......... .......... .......... 51%  238K 66s
 13800K .......... .......... .......... .......... .......... 51%  246K 65s
 13850K .......... .......... .......... .......... .......... 51%  242K 65s
 13900K .......... .......... .......... .......... .......... 51%  346K 65s
 13950K .......... .......... .......... .......... .......... 51%  360K 64s
 14000K .......... .......... .......... .......... .......... 52%  282K 64s
 14050K .......... .......... .......... .......... .......... 52%  377K 64s
 14100K .......... .......... .......... .......... .......... 52%  466K 63s
 14150K .......... .......... .......... .......... .......... 52%  447K 63s
 14200K .......... .......... .......... .......... .......... 52%  423K 63s
 14250K .......... .......... .......... .......... .......... 53%  547K 62s
 14300K .......... .......... .......... .......... .......... 53%  385K 62s
 14350K .......... .......... .......... .......... .......... 53%  509K 61s
 14400K .......... .......... .......... .......... .......... 53%  331K 61s
 14450K .......... .......... .......... .......... .......... 53%  196K 61s
 14500K .......... .......... .......... .......... .......... 53% 36.0M 60s
 14550K .......... .......... .......... .......... .......... 54% 35.3M 60s
 14600K .......... .......... .......... .......... .......... 54%  357K 60s
 14650K .......... .......... .......... .......... .......... 54%  700K 59s
 14700K .......... .......... .......... .......... .......... 54%  297K 59s
 14750K .......... .......... .......... .......... .......... 54%  398K 59s
 14800K .......... .......... .......... .......... .......... 55%  545K 58s
 14850K .......... .......... .......... .......... .......... 55%  424K 58s
 14900K .......... .......... .......... .......... .......... 55%  596K 58s
 14950K .......... .......... .......... .......... .......... 55%  466K 57s
 15000K .......... .......... .......... .......... .......... 55%  544K 57s
 15050K .......... .......... .......... .......... .......... 55%  511K 57s
 15100K .......... .......... .......... .......... .......... 56%  468K 56s
 15150K .......... .......... .......... .......... .......... 56%  481K 56s
 15200K .......... .......... .......... .......... .......... 56%  602K 55s
 15250K .......... .......... .......... .......... .......... 56%  542K 55s
 15300K .......... .......... .......... .......... .......... 56%  493K 55s
 15350K .......... .......... .......... .......... .......... 57%  549K 54s
 15400K .......... .......... .......... .......... .......... 57%  536K 54s
 15450K .......... .......... .......... .......... .......... 57%  639K 54s
 15500K .......... .......... .......... .......... .......... 57%  425K 53s
 15550K .......... .......... .......... .......... .......... 57%  621K 53s
 15600K .......... .......... .......... .......... .......... 58%  529K 53s
 15650K .......... .......... .......... .......... .......... 58%  600K 52s
 15700K .......... .......... .......... .......... .......... 58%  735K 52s
 15750K .......... .......... .......... .......... .......... 58%  460K 52s
 15800K .......... .......... .......... .......... .......... 58%  144K 52s
 15850K .......... .......... .......... .......... .......... 58% 33.7M 51s
 15900K .......... .......... .......... .......... .......... 59% 31.3M 51s
 15950K .......... .......... .......... .......... .......... 59%  407K 51s
 16000K .......... .......... .......... .......... .......... 59%  433K 50s
 16050K .......... .......... .......... .......... .......... 59%  323K 50s
 16100K .......... .......... .......... .......... .......... 59%  504K 50s
 16150K .......... .......... .......... .......... .......... 60%  450K 49s
 16200K .......... .......... .......... .......... .......... 60%  453K 49s
 16250K .......... .......... .......... .......... .......... 60%  293K 49s
 16300K .......... .......... .......... .......... .......... 60%  288K 48s
 16350K .......... .......... .......... .......... .......... 60%  661K 48s
 16400K .......... .......... .......... .......... .......... 60%  340K 48s
 16450K .......... .......... .......... .......... .......... 61%  543K 48s
 16500K .......... .......... .......... .......... .......... 61%  401K 47s
 16550K .......... .......... .......... .......... .......... 61%  525K 47s
 16600K .......... .......... .......... .......... .......... 61%  457K 47s
 16650K .......... .......... .......... .......... .......... 61%  477K 46s
 16700K .......... .......... .......... .......... .......... 62%  427K 46s
 16750K .......... .......... .......... .......... .......... 62%  668K 46s
 16800K .......... .......... .......... .......... .......... 62%  442K 45s
 16850K .......... .......... .......... .......... .......... 62%  443K 45s
 16900K .......... .......... .......... .......... .......... 62%  495K 45s
 16950K .......... .......... .......... .......... .......... 63%  404K 45s
 17000K .......... .......... .......... .......... .......... 63%  475K 44s
 17050K .......... .......... .......... .......... .......... 63%  329K 44s
 17100K .......... .......... .......... .......... .......... 63%  479K 44s
 17150K .......... .......... .......... .......... .......... 63%  449K 43s
 17200K .......... .......... .......... .......... .......... 63%  499K 43s
 17250K .......... .......... .......... .......... .......... 64%  501K 43s
 17300K .......... .......... .......... .......... .......... 64%  494K 43s
 17350K .......... .......... .......... .......... .......... 64%  514K 42s
 17400K .......... .......... .......... .......... .......... 64%  381K 42s
 17450K .......... .......... .......... .......... .......... 64%  521K 42s
 17500K .......... .......... .......... .......... .......... 65%  447K 41s
 17550K .......... .......... .......... .......... .......... 65%  567K 41s
 17600K .......... .......... .......... .......... .......... 65%  387K 41s
 17650K .......... .......... .......... .......... .......... 65%  777K 41s
 17700K .......... .......... .......... .......... .......... 65%  397K 40s
 17750K .......... .......... .......... .......... .......... 65%  640K 40s
 17800K .......... .......... .......... .......... .......... 66%  335K 40s
 17850K .......... .......... .......... .......... .......... 66%  496K 39s
 17900K .......... .......... .......... .......... .......... 66%  449K 39s
 17950K .......... .......... .......... .......... .......... 66%  445K 39s
 18000K .......... .......... .......... .......... .......... 66%  405K 39s
 18050K .......... .......... .......... .......... .......... 67%  663K 38s
 18100K .......... .......... .......... .......... .......... 67%  148K 38s
 18150K .......... .......... .......... .......... .......... 67% 37.1M 38s
 18200K .......... .......... .......... .......... .......... 67%  365K 38s
 18250K .......... .......... .......... .......... .......... 67%  346K 37s
 18300K .......... .......... .......... .......... .......... 68%  412K 37s
 18350K .......... .......... .......... .......... .......... 68%  307K 37s
 18400K .......... .......... .......... .......... .......... 68%  321K 37s
 18450K .......... .......... .......... .......... .......... 68%  677K 36s
 18500K .......... .......... .......... .......... .......... 68%  356K 36s
 18550K .......... .......... .......... .......... .......... 68%  295K 36s
 18600K .......... .......... .......... .......... .......... 69%  614K 36s
 18650K .......... .......... .......... .......... .......... 69%  370K 35s
 18700K .......... .......... .......... .......... .......... 69%  645K 35s
 18750K .......... .......... .......... .......... .......... 69%  396K 35s
 18800K .......... .......... .......... .......... .......... 69%  668K 35s
 18850K .......... .......... .......... .......... .......... 70%  311K 34s
 18900K .......... .......... .......... .......... .......... 70%  953K 34s
 18950K .......... .......... .......... .......... .......... 70%  262K 34s
 19000K .......... .......... .......... .......... .......... 70%  918K 34s
 19050K .......... .......... .......... .......... .......... 70%  348K 33s
 19100K .......... .......... .......... .......... .......... 70%  924K 33s
 19150K .......... .......... .......... .......... .......... 71%  377K 33s
 19200K .......... .......... .......... .......... .......... 71%  155K 33s
 19250K .......... .......... .......... .......... .......... 71% 37.7M 32s
 19300K .......... .......... .......... .......... .......... 71%  433K 32s
 19350K .......... .......... .......... .......... .......... 71%  296K 32s
 19400K .......... .......... .......... .......... .......... 72%  405K 32s
 19450K .......... .......... .......... .......... .......... 72%  434K 31s
 19500K .......... .......... .......... .......... .......... 72%  353K 31s
 19550K .......... .......... .......... .......... .......... 72%  357K 31s
 19600K .......... .......... .......... .......... .......... 72%  518K 31s
 19650K .......... .......... .......... .......... .......... 73%  435K 30s
 19700K .......... .......... .......... .......... .......... 73%  373K 30s
 19750K .......... .......... .......... .......... .......... 73%  483K 30s
 19800K .......... .......... .......... .......... .......... 73%  433K 30s
 19850K .......... .......... .......... .......... .......... 73%  529K 29s
 19900K .......... .......... .......... .......... .......... 73%  399K 29s
 19950K .......... .......... .......... .......... .......... 74%  660K 29s
 20000K .......... .......... .......... .......... .......... 74%  404K 29s
 20050K .......... .......... .......... .......... .......... 74%  538K 28s
 20100K .......... .......... .......... .......... .......... 74%  352K 28s
 20150K .......... .......... .......... .......... .......... 74%  458K 28s
 20200K .......... .......... .......... .......... .......... 75%  584K 28s
 20250K .......... .......... .......... .......... .......... 75%  137K 28s
 20300K .......... .......... .......... .......... .......... 75% 2.43M 27s
 20350K .......... .......... .......... .......... .......... 75% 38.8M 27s
 20400K .......... .......... .......... .......... .......... 75%  317K 27s
 20450K .......... .......... .......... .......... .......... 75%  278K 27s
 20500K .......... .......... .......... .......... .......... 76%  392K 26s
 20550K .......... .......... .......... .......... .......... 76%  386K 26s
 20600K .......... .......... .......... .......... .......... 76%  329K 26s
 20650K .......... .......... .......... .......... .......... 76%  845K 26s
 20700K .......... .......... .......... .......... .......... 76%  313K 25s
 20750K .......... .......... .......... .......... .......... 77%  585K 25s
 20800K .......... .......... .......... .......... .......... 77%  379K 25s
 20850K .......... .......... .......... .......... .......... 77%  334K 25s
 20900K .......... .......... .......... .......... .......... 77%  696K 25s
 20950K .......... .......... .......... .......... .......... 77%  372K 24s
 21000K .......... .......... .......... .......... .......... 78%  769K 24s
 21050K .......... .......... .......... .......... .......... 78%  375K 24s
 21100K .......... .......... .......... .......... .......... 78%  718K 24s
 21150K .......... .......... .......... .......... .......... 78%  373K 23s
 21200K .......... .......... .......... .......... .......... 78%  716K 23s
 21250K .......... .......... .......... .......... .......... 78%  331K 23s
 21300K .......... .......... .......... .......... .......... 79%  709K 23s
 21350K .......... .......... .......... .......... .......... 79%  425K 22s
 21400K .......... .......... .......... .......... .......... 79%  175K 22s
 21450K .......... .......... .......... .......... .......... 79% 35.1M 22s
 21500K .......... .......... .......... .......... .......... 79%  953K 22s
 21550K .......... .......... .......... .......... .......... 80%  315K 22s
 21600K .......... .......... .......... .......... .......... 80%  245K 21s
 21650K .......... .......... .......... .......... .......... 80%  375K 21s
 21700K .......... .......... .......... .......... .......... 80%  450K 21s
 21750K .......... .......... .......... .......... .......... 80%  400K 21s
 21800K .......... .......... .......... .......... .......... 80%  503K 21s
 21850K .......... .......... .......... .......... .......... 81%  392K 20s
 21900K .......... .......... .......... .......... .......... 81%  532K 20s
 21950K .......... .......... .......... .......... .......... 81%  470K 20s
 22000K .......... .......... .......... .......... .......... 81%  342K 20s
 22050K .......... .......... .......... .......... .......... 81%  589K 19s
 22100K .......... .......... .......... .......... .......... 82%  397K 19s
 22150K .......... .......... .......... .......... .......... 82%  659K 19s
 22200K .......... .......... .......... .......... .......... 82%  425K 19s
 22250K .......... .......... .......... .......... .......... 82%  586K 19s
 22300K .......... .......... .......... .......... .......... 82%  434K 18s
 22350K .......... .......... .......... .......... .......... 83%  305K 18s
 22400K .......... .......... .......... .......... .......... 83%  635K 18s
 22450K .......... .......... .......... .......... .......... 83%  451K 18s
 22500K .......... .......... .......... .......... .......... 83%  589K 17s
 22550K .......... .......... .......... .......... .......... 83%  367K 17s
 22600K .......... .......... .......... .......... .......... 83%  590K 17s
 22650K .......... .......... .......... .......... .......... 84%  463K 17s
 22700K .......... .......... .......... .......... .......... 84%  431K 17s
 22750K .......... .......... .......... .......... .......... 84%  336K 16s
 22800K .......... .......... .......... .......... .......... 84%  200K 16s
 22850K .......... .......... .......... .......... .......... 84% 38.3M 16s
 22900K .......... .......... .......... .......... .......... 85%  443K 16s
 22950K .......... .......... .......... .......... .......... 85%  122K 16s
 23000K .......... .......... .......... .......... .......... 85% 13.0M 15s
 23050K .......... .......... .......... .......... .......... 85%  492K 15s
 23100K .......... .......... .......... .......... .......... 85%  229K 15s
 23150K .......... .......... .......... .......... .......... 85%  225K 15s
 23200K .......... .......... .......... .......... .......... 86%  286K 15s
 23250K .......... .......... .......... .......... .......... 86%  284K 14s
 23300K .......... .......... .......... .......... .......... 86%  363K 14s
 23350K .......... .......... .......... .......... .......... 86%  270K 14s
 23400K .......... .......... .......... .......... .......... 86%  122K 14s
 23450K .......... .......... .......... .......... .......... 87% 26.5M 14s
 23500K .......... .......... .......... .......... .......... 87%  143K 13s
 23550K .......... .......... .......... .......... .......... 87%  198K 13s
 23600K .......... .......... .......... .......... .......... 87%  167K 13s
 23650K .......... .......... .......... .......... .......... 87%  201K 13s
 23700K .......... .......... .......... .......... .......... 88%  213K 13s
 23750K .......... .......... .......... .......... .......... 88%  170K 13s
 23800K .......... .......... .......... .......... .......... 88%  214K 12s
 23850K .......... .......... .......... .......... .......... 88%  217K 12s
 23900K .......... .......... .......... .......... .......... 88% 84.8K 12s
 23950K .......... .......... .......... .......... .......... 88%  217K 12s
 24000K .......... .......... .......... .......... .......... 89%  118K 12s
 24050K .......... .......... .......... .......... .......... 89%  163K 11s
 24100K .......... .......... .......... .......... .......... 89%  127K 11s
 24150K .......... .......... .......... .......... .......... 89%  238K 11s
 24200K .......... .......... .......... .......... .......... 89%  192K 11s
 24250K .......... .......... .......... .......... .......... 90%  162K 11s
 24300K .......... .......... .......... .......... .......... 90%  165K 10s
 24350K .......... .......... .......... .......... .......... 90%  171K 10s
 24400K .......... .......... .......... .......... .......... 90%  202K 10s
 24450K .......... .......... .......... .......... .......... 90%  209K 10s
 24500K .......... .......... .......... .......... .......... 90%  177K 10s
 24550K .......... .......... .......... .......... .......... 91%  200K 10s
 24600K .......... .......... .......... .......... .......... 91%  205K 9s
 24650K .......... .......... .......... .......... .......... 91%  149K 9s
 24700K .......... .......... .......... .......... .......... 91%  204K 9s
 24750K .......... .......... .......... .......... .......... 91%  209K 9s
 24800K .......... .......... .......... .......... .......... 92%  228K 9s
 24850K .......... .......... .......... .......... .......... 92%  178K 8s
 24900K .......... .......... .......... .......... .......... 92%  112K 8s
 24950K .......... .......... .......... .......... .......... 92%  226K 8s
 25000K .......... .......... .......... .......... .......... 92%  220K 8s
 25050K .......... .......... .......... .......... .......... 93%  143K 8s
 25100K .......... .......... .......... .......... .......... 93%  228K 7s
 25150K .......... .......... .......... .......... .......... 93%  243K 7s
 25200K .......... .......... .......... .......... .......... 93%  161K 7s
 25250K .......... .......... .......... .......... .......... 93%  253K 7s
 25300K .......... .......... .......... .......... .......... 93%  207K 7s
 25350K .......... .......... .......... .......... .......... 94%  230K 6s
 25400K .......... .......... .......... .......... .......... 94%  208K 6s
 25450K .......... .......... .......... .......... .......... 94%  251K 6s
 25500K .......... .......... .......... .......... .......... 94%  251K 6s
 25550K .......... .......... .......... .......... .......... 94%  259K 6s
 25600K .......... .......... .......... .......... .......... 95%  258K 5s
 25650K .......... .......... .......... .......... .......... 95%  264K 5s
 25700K .......... .......... .......... .......... .......... 95%  260K 5s
 25750K .......... .......... .......... .......... .......... 95%  260K 5s
 25800K .......... .......... .......... .......... .......... 95%  210K 5s
 25850K .......... .......... .......... .......... .......... 96%  256K 4s
 25900K .......... .......... .......... .......... .......... 96%  234K 4s
 25950K .......... .......... .......... .......... .......... 96%  231K 4s
 26000K .......... .......... .......... .......... .......... 96%  226K 4s
 26050K .......... .......... .......... .......... .......... 96%  239K 4s
 26100K .......... .......... .......... .......... .......... 96%  262K 3s
 26150K .......... .......... .......... .......... .......... 97%  269K 3s
 26200K .......... .......... .......... .......... .......... 97%  244K 3s
 26250K .......... .......... .......... .......... .......... 97%  280K 3s
 26300K .......... .......... .......... .......... .......... 97%  279K 3s
 26350K .......... .......... .......... .......... .......... 97%  291K 2s
 26400K .......... .......... .......... .......... .......... 98%  364K 2s
 26450K .......... .......... .......... .......... .......... 98%  334K 2s
 26500K .......... .......... .......... .......... .......... 98%  386K 2s
 26550K .......... .......... .......... .......... .......... 98%  268K 2s
 26600K .......... .......... .......... .......... .......... 98%  302K 1s
 26650K .......... .......... .......... .......... .......... 98%  539K 1s
 26700K .......... .......... .......... .......... .......... 99%  121K 1s
 26750K .......... .......... .......... .......... .......... 99% 12.7M 1s
 26800K .......... .......... .......... .......... .......... 99%  646K 1s
 26850K .......... .......... .......... .......... .......... 99%  294K 0s
 26900K .......... .......... .......... .......... .......... 99%  250K 0s
 26950K .......... .......... ........                        100%  474K=1m48s

2022-06-21 17:29:33 (249 KB/s) - ‘NNPDF23_lo_as_0130_qed.tar.gz’ saved [27625668/27625668]

NNPDF23_lo_as_0130_qed/NNPDF23_lo_as_0130_qed_0000.dat
NNPDF23_lo_as_0130_qed/NNPDF23_lo_as_0130_qed_0001.dat
NNPDF23_lo_as_0130_qed/NNPDF23_lo_as_0130_qed_0002.dat
NNPDF23_lo_as_0130_qed/NNPDF23_lo_as_0130_qed_0003.dat
NNPDF23_lo_as_0130_qed/NNPDF23_lo_as_0130_qed_0004.dat
NNPDF23_lo_as_0130_qed/NNPDF23_lo_as_0130_qed_0005.dat
NNPDF23_lo_as_0130_qed/NNPDF23_lo_as_0130_qed_0006.dat
NNPDF23_lo_as_0130_qed/NNPDF23_lo_as_0130_qed_0007.dat
NNPDF23_lo_as_0130_qed/NNPDF23_lo_as_0130_qed_0008.dat
NNPDF23_lo_as_0130_qed/NNPDF23_lo_as_0130_qed_0009.dat
NNPDF23_lo_as_0130_qed/NNPDF23_lo_as_0130_qed_0010.dat
NNPDF23_lo_as_0130_qed/NNPDF23_lo_as_0130_qed_0011.dat
NNPDF23_lo_as_0130_qed/NNPDF23_lo_as_0130_qed_0012.dat
NNPDF23_lo_as_0130_qed/NNPDF23_lo_as_0130_qed_0013.dat
NNPDF23_lo_as_0130_qed/NNPDF23_lo_as_0130_qed_0014.dat
NNPDF23_lo_as_0130_qed/NNPDF23_lo_as_0130_qed_0015.dat
NNPDF23_lo_as_0130_qed/NNPDF23_lo_as_0130_qed_0016.dat
NNPDF23_lo_as_0130_qed/NNPDF23_lo_as_0130_qed_0017.dat
NNPDF23_lo_as_0130_qed/NNPDF23_lo_as_0130_qed_0018.dat
NNPDF23_lo_as_0130_qed/NNPDF23_lo_as_0130_qed_0019.dat
NNPDF23_lo_as_0130_qed/NNPDF23_lo_as_0130_qed_0020.dat
NNPDF23_lo_as_0130_qed/NNPDF23_lo_as_0130_qed_0021.dat
NNPDF23_lo_as_0130_qed/NNPDF23_lo_as_0130_qed_0022.dat
NNPDF23_lo_as_0130_qed/NNPDF23_lo_as_0130_qed_0023.dat
NNPDF23_lo_as_0130_qed/NNPDF23_lo_as_0130_qed_0024.dat
NNPDF23_lo_as_0130_qed/NNPDF23_lo_as_0130_qed_0025.dat
NNPDF23_lo_as_0130_qed/NNPDF23_lo_as_0130_qed_0026.dat
NNPDF23_lo_as_0130_qed/NNPDF23_lo_as_0130_qed_0027.dat
NNPDF23_lo_as_0130_qed/NNPDF23_lo_as_0130_qed_0028.dat
NNPDF23_lo_as_0130_qed/NNPDF23_lo_as_0130_qed_0029.dat
NNPDF23_lo_as_0130_qed/NNPDF23_lo_as_0130_qed_0030.dat
NNPDF23_lo_as_0130_qed/NNPDF23_lo_as_0130_qed_0031.dat
NNPDF23_lo_as_0130_qed/NNPDF23_lo_as_0130_qed_0032.dat
NNPDF23_lo_as_0130_qed/NNPDF23_lo_as_0130_qed_0033.dat
NNPDF23_lo_as_0130_qed/NNPDF23_lo_as_0130_qed_0034.dat
NNPDF23_lo_as_0130_qed/NNPDF23_lo_as_0130_qed_0035.dat
NNPDF23_lo_as_0130_qed/NNPDF23_lo_as_0130_qed_0036.dat
NNPDF23_lo_as_0130_qed/NNPDF23_lo_as_0130_qed_0037.dat
NNPDF23_lo_as_0130_qed/NNPDF23_lo_as_0130_qed_0038.dat
NNPDF23_lo_as_0130_qed/NNPDF23_lo_as_0130_qed_0039.dat
NNPDF23_lo_as_0130_qed/NNPDF23_lo_as_0130_qed_0040.dat
NNPDF23_lo_as_0130_qed/NNPDF23_lo_as_0130_qed_0041.dat
NNPDF23_lo_as_0130_qed/NNPDF23_lo_as_0130_qed_0042.dat
NNPDF23_lo_as_0130_qed/NNPDF23_lo_as_0130_qed_0043.dat
NNPDF23_lo_as_0130_qed/NNPDF23_lo_as_0130_qed_0044.dat
NNPDF23_lo_as_0130_qed/NNPDF23_lo_as_0130_qed_0045.dat
NNPDF23_lo_as_0130_qed/NNPDF23_lo_as_0130_qed_0046.dat
NNPDF23_lo_as_0130_qed/NNPDF23_lo_as_0130_qed_0047.dat
NNPDF23_lo_as_0130_qed/NNPDF23_lo_as_0130_qed_0048.dat
NNPDF23_lo_as_0130_qed/NNPDF23_lo_as_0130_qed_0049.dat
NNPDF23_lo_as_0130_qed/NNPDF23_lo_as_0130_qed_0050.dat
NNPDF23_lo_as_0130_qed/NNPDF23_lo_as_0130_qed_0051.dat
NNPDF23_lo_as_0130_qed/NNPDF23_lo_as_0130_qed_0052.dat
NNPDF23_lo_as_0130_qed/NNPDF23_lo_as_0130_qed_0053.dat
NNPDF23_lo_as_0130_qed/NNPDF23_lo_as_0130_qed_0054.dat
NNPDF23_lo_as_0130_qed/NNPDF23_lo_as_0130_qed_0055.dat
NNPDF23_lo_as_0130_qed/NNPDF23_lo_as_0130_qed_0056.dat
NNPDF23_lo_as_0130_qed/NNPDF23_lo_as_0130_qed_0057.dat
NNPDF23_lo_as_0130_qed/NNPDF23_lo_as_0130_qed_0058.dat
NNPDF23_lo_as_0130_qed/NNPDF23_lo_as_0130_qed_0059.dat
NNPDF23_lo_as_0130_qed/NNPDF23_lo_as_0130_qed_0060.dat
NNPDF23_lo_as_0130_qed/NNPDF23_lo_as_0130_qed_0061.dat
NNPDF23_lo_as_0130_qed/NNPDF23_lo_as_0130_qed_0062.dat
NNPDF23_lo_as_0130_qed/NNPDF23_lo_as_0130_qed_0063.dat
NNPDF23_lo_as_0130_qed/NNPDF23_lo_as_0130_qed_0064.dat
NNPDF23_lo_as_0130_qed/NNPDF23_lo_as_0130_qed_0065.dat
NNPDF23_lo_as_0130_qed/NNPDF23_lo_as_0130_qed_0066.dat
NNPDF23_lo_as_0130_qed/NNPDF23_lo_as_0130_qed_0067.dat
NNPDF23_lo_as_0130_qed/NNPDF23_lo_as_0130_qed_0068.dat
NNPDF23_lo_as_0130_qed/NNPDF23_lo_as_0130_qed_0069.dat
NNPDF23_lo_as_0130_qed/NNPDF23_lo_as_0130_qed_0070.dat
NNPDF23_lo_as_0130_qed/NNPDF23_lo_as_0130_qed_0071.dat
NNPDF23_lo_as_0130_qed/NNPDF23_lo_as_0130_qed_0072.dat
NNPDF23_lo_as_0130_qed/NNPDF23_lo_as_0130_qed_0073.dat
NNPDF23_lo_as_0130_qed/NNPDF23_lo_as_0130_qed_0074.dat
NNPDF23_lo_as_0130_qed/NNPDF23_lo_as_0130_qed_0075.dat
NNPDF23_lo_as_0130_qed/NNPDF23_lo_as_0130_qed_0076.dat
NNPDF23_lo_as_0130_qed/NNPDF23_lo_as_0130_qed_0077.dat
NNPDF23_lo_as_0130_qed/NNPDF23_lo_as_0130_qed_0078.dat
NNPDF23_lo_as_0130_qed/NNPDF23_lo_as_0130_qed_0079.dat
NNPDF23_lo_as_0130_qed/NNPDF23_lo_as_0130_qed_0080.dat
NNPDF23_lo_as_0130_qed/NNPDF23_lo_as_0130_qed_0081.dat
NNPDF23_lo_as_0130_qed/NNPDF23_lo_as_0130_qed_0082.dat
NNPDF23_lo_as_0130_qed/NNPDF23_lo_as_0130_qed_0083.dat
NNPDF23_lo_as_0130_qed/NNPDF23_lo_as_0130_qed_0084.dat
NNPDF23_lo_as_0130_qed/NNPDF23_lo_as_0130_qed_0085.dat
NNPDF23_lo_as_0130_qed/NNPDF23_lo_as_0130_qed_0086.dat
NNPDF23_lo_as_0130_qed/NNPDF23_lo_as_0130_qed_0087.dat
NNPDF23_lo_as_0130_qed/NNPDF23_lo_as_0130_qed_0088.dat
NNPDF23_lo_as_0130_qed/NNPDF23_lo_as_0130_qed_0089.dat
NNPDF23_lo_as_0130_qed/NNPDF23_lo_as_0130_qed_0090.dat
NNPDF23_lo_as_0130_qed/NNPDF23_lo_as_0130_qed_0091.dat
NNPDF23_lo_as_0130_qed/NNPDF23_lo_as_0130_qed_0092.dat
NNPDF23_lo_as_0130_qed/NNPDF23_lo_as_0130_qed_0093.dat
NNPDF23_lo_as_0130_qed/NNPDF23_lo_as_0130_qed_0094.dat
NNPDF23_lo_as_0130_qed/NNPDF23_lo_as_0130_qed_0095.dat
NNPDF23_lo_as_0130_qed/NNPDF23_lo_as_0130_qed_0096.dat
NNPDF23_lo_as_0130_qed/NNPDF23_lo_as_0130_qed_0097.dat
NNPDF23_lo_as_0130_qed/NNPDF23_lo_as_0130_qed_0098.dat
NNPDF23_lo_as_0130_qed/NNPDF23_lo_as_0130_qed_0099.dat
NNPDF23_lo_as_0130_qed/NNPDF23_lo_as_0130_qed_0100.dat
NNPDF23_lo_as_0130_qed/NNPDF23_lo_as_0130_qed.info
 Finished LHAPDF6 installation
